2021-11-09 19:26:53,008 DAO_transaction_records.py insert [line:38] INFO transaction_records表 插入zpl01020@qq.com, fewa@ee.com, test  记录成功
2021-11-09 19:33:55,931 DAO_transaction_records.py insert [line:42] INFO transaction_records表 插入zpl01020@qq.com, fewa@ee.com, test 记录成功
2021-11-09 19:36:08,240 DAO_base.py execute [line:64] ERROR (1136, "Column count doesn't match value count at row 1")
2021-11-09 19:36:08,241 DAO_transaction_records.py insert [line:43] INFO transaction_records表 插入zpl01020@qq.com, fewa@ee.com, test, 2021-11-09 19:36:08 记录失败
2021-11-09 19:36:26,522 DAO_transaction_records.py insert [line:41] INFO transaction_records表 插入zpl01020@qq.com, fewa@ee.com, test, 2021-11-09 19:36:26 记录成功
2021-11-09 19:47:31,522 DAO_transaction_records.py insert [line:42] INFO transaction_records表 插入zpl01020@qq.com, fewa@ee.com, test, 2021-11-09 19:47:31 记录成功
2021-11-09 19:48:50,848 DAO_transaction_records.py insert [line:42] INFO transaction_records表 插入author@example.com, recipient@example.com, Simple test message, 2021-11-09 19:48:50 记录成功
2022-01-02 02:17:53,182 DAO_base.py execute [line:66] ERROR (1064, 'You have an error in your SQL syntax; check the manual that corresponds to your MySQL server version for the right syntax to use near \'$2b$12$DSPeceVLRGEz6e0.yC/T4.fJkfeqxym4D.ozNDhAQBMN1ST0bsg7i\'\', \'b"\\xf0\\x06\\xaeu\' at line 2')
2022-01-02 02:17:53,183 DAO_email_user.py register_user [line:44] INFO transaction_records表 插入123, b'$2b$12$DSPeceVLRGEz6e0.yC/T4.fJkfeqxym4D.ozNDhAQBMN1ST0bsg7i', b"\xf0\x06\xaeuN\xe69\xa0\xf0!\x9fL\xdc_Q\x8b\xe2\x03\x94\xf9\x9f;\xeb\xd4\xad\xe7\xa4\x97\x7f\x84\x9a\x89\xb2:W\xcbl\xf0\xbf)\xdb;\xe1R\x91'{\x0b\xf7?|\x8cV\xcc\xc3\x9b]\x90\xad\xe0\xe3\x90\x90\xfe", b'$2b$12$DSPeceVLRGEz6e0.yC/T4.' 记录失败
2022-01-02 02:21:16,564 DAO_base.py execute [line:66] ERROR (1054, "Unknown column 'salt_srypt' in 'field list'")
2022-01-02 02:21:16,564 DAO_email_user.py register_user [line:44] INFO transaction_records表 插入123, b'$2b$12$OSzGPjR9xzCb57ZU2ZwIxuL2x5Ogix47fqVXj3elTCnVsYOlFzrKy', b'\x19\xa6\xdbM\xb90S\xe8\xa8)%\xc2@\x92q\x04\xcf+\x96\xcc\x8e\x976C\xbf\x19\xbel\x97\x87\xf3\x97\xd9\xd1\xdb\xec\x86nM{\x9f\xe2\xfcrH\xfa\x8e\x04\x12\xb8A{)\xd0\xe2\xcd\xd6/EK\x99\xad\xa83', b'$2b$12$OSzGPjR9xzCb57ZU2ZwIxu' 记录失败
2022-01-02 02:22:27,604 DAO_base.py execute [line:66] ERROR (1054, "Unknown column 'salt_srypt' in 'field list'")
2022-01-02 02:22:27,604 DAO_email_user.py register_user [line:44] INFO transaction_records表 插入123, b'$2b$12$eDbT1.qJITY7t3NTDQ6O1esUIpk7PHJKJnmPJ0MsvpY/2iA.iOlZS', b"\xf6=K\xeeEH\xf1L\xce\xb7\x12\xe9\xa9\x04\xeds\xee`\x81\xefP\xc7\x12K\x18\x9a\x0f\xd7KC\xc7\x1c\x8c\xb6F\xce\\\x88\xed@\xc2\x07`\x9fk\xa1aL\xfc'],\x7f\x17N7{\xed\xd1\xd4\xc7\xcb\x10[", b'$2b$12$eDbT1.qJITY7t3NTDQ6O1e' 记录失败
2022-01-02 02:23:32,298 DAO_base.py execute [line:66] ERROR (1054, "Unknown column 'salt_srypt' in 'field list'")
2022-01-02 02:23:32,299 DAO_email_user.py register_user [line:44] INFO transaction_records表 插入123, b'$2b$12$vRhOi1JLqHSdddJ23Pj8b.0wzhG522fRSMnp1fCj.Hl8eqXWxRGWO', b'\xaf\xd6\xa3\xb4B\xf3\xcc\x83\xb3\x95\xbf\xc0J+~\x02\xa5\x1a\x8c\xbd\xd4\xf8\xe37;26i\xfd[\x98\xbey\x82\x97\xe7\xe9\xd7s\xda\x0b\xe5;\xc3XR\xafp\xf1\xb7c\x849\xb3$W \xc3p\rRDZ8', b'$2b$12$vRhOi1JLqHSdddJ23Pj8b.' 记录失败
2022-01-02 02:23:40,229 DAO_base.py execute [line:66] ERROR (1054, "Unknown column 'salt_srypt' in 'field list'")
2022-01-02 02:23:40,229 DAO_email_user.py register_user [line:44] INFO transaction_records表 插入123, b'$2b$12$oeaSibMZnv2gBBTMPdXlXOCQcWK7wqqSfv3XYZUOPMyEAJEAlWtrO', b'\xd3\xf4d\xce\xbd^\xab0\xbd\xb4\x05F\xf0\x98?lL\xcf\xa1\xbc\x9b\x86\x06Up\xe2\xad_*[\xd6*{\x9b\xd2\xa1D\xa0\xf3\x94\xa6\xc0\xb4\xca\xe8\x89\xe3\xd3]Y\xfe\x1e6\xba\x02-\xbb/\xc0\xa3\xady\xdd)', b'$2b$12$oeaSibMZnv2gBBTMPdXlXO' 记录失败
2022-01-02 02:24:06,349 DAO_base.py execute [line:66] ERROR (1054, "Unknown column 'salt_bcrpt' in 'field list'")
2022-01-02 02:24:06,349 DAO_email_user.py register_user [line:44] INFO transaction_records表 插入123, b'$2b$12$5.jDz3alWHMOv3woIa6OKe7AOhvyndxDPc.0F6nQC03pKgQXoXb/W', b"\xa5\xe0#\xa1M\x88x\xb8\x91)\xeb\x8c\xc5fX\x14w\xaaX*\xa2\xdd\xdb\xcf{\xe0\xc5w\x0b\x1d\xf4\x8a$T\x85\xe6\xf6\x14\xf9i\xbf\x15\xcc\xa4X'\x8d\x02\xf4\x8a\x8a\x04\xbf\x19Pw-\xf3\x96y\x98=,\xd9", b'$2b$12$5.jDz3alWHMOv3woIa6OKe' 记录失败
2022-01-02 02:24:16,589 DAO_email_user.py register_user [line:42] INFO transaction_records表 插入123, b'$2b$12$nyJ12QWzLLOt2MxoIEHUSOB7YghwVV2sMk8LFLN8f4qq0xysRKZyq', b"\x19\x99V\xf3\x03\xa1(:Qd\xb8\xfd\x05\xfd\x90\x9b\x18\xf9J\x1f\xc9\xb1Y'\xe4\x99`\xe8\x01\x82\x83&3\x12q\x8f\xc7m;\xe3^\xf8\xdcF\x8aQ\x08\xa8\xd6\x8c(\xa3\xf9L#M\xbd\xf7(\xcc\x0b\x84e\x94", b'$2b$12$nyJ12QWzLLOt2MxoIEHUSO' 记录成功
2022-01-02 02:27:29,285 DAO_base.py execute [line:66] ERROR (1064, "You have an error in your SQL syntax; check the manual that corresponds to your MySQL server version for the right syntax to use near '$2b$12$SFN5B/HSoLjaRXCAj6bd7ORG6P27bc5SwMViDVPtu5f.vs8s785gu'','b'E\\x81\\xe8\\x05l' at line 2")
2022-01-02 02:27:29,286 DAO_email_user.py register_user [line:44] INFO transaction_records表 插入123, b'$2b$12$SFN5B/HSoLjaRXCAj6bd7ORG6P27bc5SwMViDVPtu5f.vs8s785gu', b'E\x81\xe8\x05l4\xafZ\x96\x82\x9f\xd85\xae\xab\t\xdf\xf7o\x05\x18\xbc\x98\xfb\x1b>\xc8\x9d\xeb\x1f\x91\x82\x17`\xa4_\x84Q\xf3\x06\x97&\x05*\x15\xa4\x0f\xed\x84\xbc\xe4\xe6*\x8fnP\x1d\x8b\xbag\xfa\x7fZ\x9d', b'$2b$12$SFN5B/HSoLjaRXCAj6bd7O' 记录失败
2022-01-02 02:29:59,281 DAO_base.py execute [line:66] ERROR (1064, "You have an error in your SQL syntax; check the manual that corresponds to your MySQL server version for the right syntax to use near '$2b$12$josIDBTxCvphzSdXUD79yuATnovCOO7zEZ43RoNnrfJCDOM.f4ypC'', 'b'8\\xc2\\x17)\\xc' at line 2")
2022-01-02 02:29:59,281 DAO_email_user.py register_user [line:44] INFO transaction_records表 插入123, b'$2b$12$josIDBTxCvphzSdXUD79yuATnovCOO7zEZ43RoNnrfJCDOM.f4ypC', b'8\xc2\x17)\xca\xe5\xfc\xa6\xbe\xb6f"\xc7\xc8\xf5\x1ea\xbb2<\xb5\xceBr;\x87<\xe2\tJ\xe8\x9bh/\xf2"\x13\xe7\x13\xa9\x88\x85\x88\x94s\xa2\xf0Q\xf9JL\x86\xf9J\x8d\xb87\xd1\xaa?:C\x98\x0f', b'$2b$12$josIDBTxCvphzSdXUD79yu' 记录失败
2022-01-02 02:30:14,113 DAO_base.py execute [line:66] ERROR (1064, 'You have an error in your SQL syntax; check the manual that corresponds to your MySQL server version for the right syntax to use near \'$2b$12$mNVeGJO4crvh40n7lPXzhucUN3f5pq78NMnpgG24fhp7mnME.cxdO\'\', \'b"\\xbe\\x980\\xe7\' at line 2')
2022-01-02 02:30:14,113 DAO_email_user.py register_user [line:45] INFO transaction_records表 插入123, b'$2b$12$mNVeGJO4crvh40n7lPXzhucUN3f5pq78NMnpgG24fhp7mnME.cxdO', b"\xbe\x980\xe7\x18N\xa3\xbd\xfc\x05\xdd!!\x9c\nK\x8b\xe4\xa4\x1a\x12`Z&;\xb8uc\x80\x1bv\x05'\x86y`\x91%>\xb0:3\xd1bO%A\r7\xa1( \xe7\\\xd2\x93\xf7\x81\xe2\x99\x88Dy\xae", b'$2b$12$mNVeGJO4crvh40n7lPXzhu' 记录失败
2022-01-02 02:30:24,924 DAO_base.py execute [line:66] ERROR (1064, "You have an error in your SQL syntax; check the manual that corresponds to your MySQL server version for the right syntax to use near '$2b$12$r1c1eKiizl00Wb4EAe929.kPL5mJP.grk8yTwfzXDxjmaNsRSw73y'', 'b'\\xaf`\\x7f\\x8f' at line 2")
2022-01-02 02:30:24,924 DAO_email_user.py register_user [line:45] INFO transaction_records表 插入123, b'$2b$12$r1c1eKiizl00Wb4EAe929.kPL5mJP.grk8yTwfzXDxjmaNsRSw73y', b'\xaf`\x7f\x8fX5\xe0H\xb16D\x0f\xae\xcf\x08\xe4\xc6]\xf9{a\x06Q\x9d\xbd\xc6\x93\xd90\x99\xc6\x8b<[\x06\xd3\xcf\x05\x16\x82\xaf^\x99\xe5\xe1<$2W\x80gk0\x99\xdfr*=9\x14\x99\xec\xe7\xb0', b'$2b$12$r1c1eKiizl00Wb4EAe929.' 记录失败
2022-01-02 02:30:33,840 DAO_base.py execute [line:66] ERROR (1064, 'You have an error in your SQL syntax; check the manual that corresponds to your MySQL server version for the right syntax to use near \'$2b$12$eQa7/4QGdUj9/6Q1AJ5KLuL.lbjNtZfqQr2kvTO9GAxBLXs9X8XL6\'\', \'b\'r")2\\x98\\x9dM\' at line 2')
2022-01-02 02:30:33,841 DAO_email_user.py register_user [line:44] INFO transaction_records表 插入123, b'$2b$12$eQa7/4QGdUj9/6Q1AJ5KLuL.lbjNtZfqQr2kvTO9GAxBLXs9X8XL6', b'r")2\x98\x9dM\x07;\x18\xbb\xf0\x03\xf3\x1d\rO:\n\xdfj\xfd\x07\xbd\x19A\xa5\xbf\xe8\xdcP\xa7\xc5\xdd\xf9\xa3&\x8dj7\x9cz\xa1\xac\xe8\'\x9c[\xddH\x94\xbf\x19\x98\x08=\x90\x1d\x07L\xe1St\x94', b'$2b$12$eQa7/4QGdUj9/6Q1AJ5KLu' 记录失败
2022-01-02 02:32:19,266 DAO_base.py execute [line:66] ERROR (1064, "You have an error in your SQL syntax; check the manual that corresponds to your MySQL server version for the right syntax to use near '$2b$12$9Jui1v1il0vM7BnuvYQCquiBgxKkxZ25FBjDZLmzq3RphBN7a8iF6'', 'b'k\\xe1\\x05\\x15' at line 2")
2022-01-02 02:32:19,266 DAO_email_user.py register_user [line:44] INFO transaction_records表 插入123, b'$2b$12$9Jui1v1il0vM7BnuvYQCquiBgxKkxZ25FBjDZLmzq3RphBN7a8iF6', b'k\xe1\x05\x15\xf0\xf9>\x9d(\xe4\x16b\x1f\xc1\xba\xd3Z\x10&\xf9vi|\xbe\x18fn\x16u\xdbJ\x06\x92\xa6|\x84\x16I\x88l\xa8G,q\x86\xe26\xe81\r\x90\xee\x8d\xe6\xf0\xac\xa8I5\x11\xd5\xbcu\xe1', b'$2b$12$9Jui1v1il0vM7BnuvYQCqu' 记录失败
2022-01-02 02:32:24,040 DAO_transaction_records.py insert [line:41] INFO transaction_records表 插入zpl01020@qq.com, fewa@ee.com, test, 2022-01-02 02:32:24 记录成功
2022-01-02 02:32:59,686 DAO_base.py execute [line:66] ERROR (1064, "You have an error in your SQL syntax; check the manual that corresponds to your MySQL server version for the right syntax to use near '$2b$12$e9i63bnVBGrPWmAyouCYLORssJaCF8C7D8CAHubJepP7ccKqvoQX6'', 'b'\\x06\\xe4\\xf7\\' at line 2")
2022-01-02 02:32:59,687 DAO_email_user.py register_user [line:44] INFO transaction_records表 插入123, b'$2b$12$e9i63bnVBGrPWmAyouCYLORssJaCF8C7D8CAHubJepP7ccKqvoQX6', b'\x06\xe4\xf7\xed\x9b\x10\xfe\xa6\x82\x8eV\x932\x9c\xbbR\xd2#\xf6\xe8S^8u\xd8\xca\xc8 \xd7\xa2}\x1c\x88\xf4\xc4#\xc4\xb2\xcd\xa8.\xe2\x1b\xe2s\x1e\xb7\x9b$\x86yj!j\x19(?\t\xc6\xfd\xab\x15\xfe[', b'$2b$12$e9i63bnVBGrPWmAyouCYLO' 记录失败
2022-01-02 02:33:20,792 DAO_base.py execute [line:66] ERROR (1064, "You have an error in your SQL syntax; check the manual that corresponds to your MySQL server version for the right syntax to use near '$2b$12$Xamv5qOAnpownXqPF/IsJuN71X8P4qJoc74yFpU1eWFknGlWp9XMm'', 'b'\\xe1\\x9f\\xb0\\' at line 2")
2022-01-02 02:33:20,793 DAO_email_user.py register_user [line:44] INFO email_user表 插入123, b'$2b$12$Xamv5qOAnpownXqPF/IsJuN71X8P4qJoc74yFpU1eWFknGlWp9XMm', b'\xe1\x9f\xb0\x18"\x9ag\x94\x91\xc5\x0b\xf0{\x93gfSoi\xbc\xb56\xfb\x86Yyd\x13\xaf\x95yg\xec5\xf3+\xef\xd8\xf7R\xe2\xba\x82\x88W\x96\xcb$b]\xc3Q\xa1\xd3\xa4h\xd4\x95\xce\t\x80\xdd8\xba', b'$2b$12$Xamv5qOAnpownXqPF/IsJu' 记录失败
2022-01-02 02:34:04,459 DAO_base.py execute [line:66] ERROR (1064, "You have an error in your SQL syntax; check the manual that corresponds to your MySQL server version for the right syntax to use near '$2b$12$x8DjrmBux2QryShSa1WYse.3wwyUH/WBAD1VnzVR6yahigzVqxTqK'', 'b'\\x0e\\x02\\x92\\' at line 2")
2022-01-02 02:34:04,459 DAO_email_user.py register_user [line:45] INFO email_user表 插入123, b'$2b$12$x8DjrmBux2QryShSa1WYse.3wwyUH/WBAD1VnzVR6yahigzVqxTqK', b'\x0e\x02\x92\xd5S(\xfb\xc0&\xac\xf6e\x00\xa9\x94\xee\xd7\xfbS\xb1>\xed\xcab\xcb\xc2\xa52\xda\xc4/D\x05\xc4\xad \xcd\xc6d\x9d\xeaE\xae\x06\xce7\r\xd6C\x7fb \xed\xe5 \xad\xd98\\k\x13\xb6\\~', b'$2b$12$x8DjrmBux2QryShSa1WYse' 记录失败
2022-01-02 02:34:55,280 DAO_base.py execute [line:66] ERROR (1064, "You have an error in your SQL syntax; check the manual that corresponds to your MySQL server version for the right syntax to use near '$2b$12$INOnG0qvfibxS4I/uEUfhe1uzmypNQiwIniPMFYoEO2KSlVXar7/K'', 'b'X%\\xb5\\xccC\\x' at line 2")
2022-01-02 02:34:55,280 DAO_email_user.py register_user [line:46] INFO email_user表 插入123, b'$2b$12$INOnG0qvfibxS4I/uEUfhe1uzmypNQiwIniPMFYoEO2KSlVXar7/K', b'X%\xb5\xccC\x82\x80\xcd\t\x110\x08bw\x15\x81\xd2\xa3{\xb1\xab\xcafd\xe6o\xdb\x05\xe0\xf12\xe7\x10^\xa0\xc9-0\\$)\xc2M6[\xc9\xe7G\x9d\x95t\xe2{\xa0\x8e\xc6&\xc96\xcf\xb2\xeaOh', b'$2b$12$INOnG0qvfibxS4I/uEUfhe' 记录失败
2022-01-02 02:35:15,207 DAO_base.py execute [line:66] ERROR (1064, "You have an error in your SQL syntax; check the manual that corresponds to your MySQL server version for the right syntax to use near '$2b$12$czRX6JhmLnb2RsbTMdqWKO8ZPrpYypdrxFpW3l8aMzYMxfxP.5c66'', 'b'\\xc2\\tc\\xe1\\x' at line 2")
2022-01-02 02:35:15,207 DAO_email_user.py register_user [line:46] INFO email_user表 插入123, b'$2b$12$czRX6JhmLnb2RsbTMdqWKO8ZPrpYypdrxFpW3l8aMzYMxfxP.5c66', b'\xc2\tc\xe1\x05\x9c\xe5\xec\x9d\x80t\xad\xae\xfe\xafw,\xb0JT\xc7\x10\x1f\x89{B\xa7\x1fW%}\x06]N\xf2P\x08\x12\xdf\xdfOc\xecN~\xf9\x9boA\xe8=\x81\x86\x02\xb6\xb6\xf6\x03w\x8c\x01\x14\xe1\x07', b'$2b$12$czRX6JhmLnb2RsbTMdqWKO' 记录失败
2022-01-02 02:35:53,175 DAO_base.py execute [line:66] ERROR (1064, "You have an error in your SQL syntax; check the manual that corresponds to your MySQL server version for the right syntax to use near '$2b$12$tNgRJdjtkCzzabfePcrjnex.ZXs2FSr68PgYl3L1Ah5YJiCOSemry'', 'b'\\xef\\xa6a,\\xb' at line 2")
2022-01-02 02:35:53,175 DAO_email_user.py register_user [line:46] INFO email_user表 插入123, b'$2b$12$tNgRJdjtkCzzabfePcrjnex.ZXs2FSr68PgYl3L1Ah5YJiCOSemry', b'\xef\xa6a,\xb8\x1b\xc4W\x89\t\xf2\xa1\xfe\xf8\x03(\x99k\xe3A\xccG Be\xd5`\xdc\x8c#\x0b\x0f\xfeG\xb0\r\x8a\x083uP-\xc4\x91\xf2\x1b\x0c}\x12\xdc\xecw"\x81\xcd\x87\xbffQ\xca\x82-\x8e\x05', b'$2b$12$tNgRJdjtkCzzabfePcrjne' 记录失败
2022-01-02 02:37:51,449 DAO_base.py execute [line:66] ERROR (1064, "You have an error in your SQL syntax; check the manual that corresponds to your MySQL server version for the right syntax to use near '$2b$12$.HIdHSPZg2mDiFyw8PG78uC5d6ttplTkMIHHOS2/PR8RaeuaRBICa'', 'b'\\xd3}\\xd2\\xc6' at line 2")
2022-01-02 02:37:51,449 DAO_email_user.py register_user [line:46] INFO email_user表 插入123, b'$2b$12$.HIdHSPZg2mDiFyw8PG78uC5d6ttplTkMIHHOS2/PR8RaeuaRBICa', b'\xd3}\xd2\xc6n\xa3\xe2f\xa6\xb8\x03\x04#\xe7\x0e\xf79[o\x94\x92\xec\x08\xabE\xf6/\x85u\x93\x1b"\x9bA\xa1\xd0zf\x03\xff\x1d1\\\x84\xd8\xaa\xdf\xa4\xb0\x0fH\x93\xbei\xc3\xfeo\x1e\xe6\xb2\xdf\x81 \x83', b'$2b$12$.HIdHSPZg2mDiFyw8PG78u' 记录失败
2022-01-02 02:39:46,814 DAO_base.py execute [line:66] ERROR (1064, 'You have an error in your SQL syntax; check the manual that corresponds to your MySQL server version for the right syntax to use near \'$2b$12$B4HWXhr5yn2igylMwfMh0.7AQbepVZNagc.IUJ8mhLpd1ZBkrdVe.\'\', \'b"7/\\xc3,4\\x8a\\\' at line 2')
2022-01-02 02:39:46,814 DAO_email_user.py register_user [line:46] INFO email_user表 插入123, b'$2b$12$B4HWXhr5yn2igylMwfMh0.7AQbepVZNagc.IUJ8mhLpd1ZBkrdVe.', b"7/\xc3,4\x8a\xf4\xfd\x9d\x15\xc0N\xb5\xfc\x0c\x8d\x08\x13\x8aq\xf2\x97\xc6\xe0\xb3\xf7\xee;.<\xc2\x04&\xa5$dH\xe4<\xde\x1c\xf0\x9b_\xc3\xb4\xd2b\x9b\xe2pgz\xe8\xd6v\xb5!\xa9'\x80S-\x9d", b'$2b$12$B4HWXhr5yn2igylMwfMh0.' 记录失败
2022-01-02 02:42:02,382 DAO_base.py execute [line:66] ERROR (1064, "You have an error in your SQL syntax; check the manual that corresponds to your MySQL server version for the right syntax to use near 'JDJiJDEyJGd0R3NEMkNmWmVSTWFLZC4wV04zLy5vQWxzWG5rVi5sRFo0aW05Qk56N3NSWGI0cEI1bmFx' at line 2")
2022-01-02 02:42:02,382 DAO_email_user.py register_user [line:46] INFO email_user表 插入123, b'JDJiJDEyJGd0R3NEMkNmWmVSTWFLZC4wV04zLy5vQWxzWG5rVi5sRFo0aW05Qk56N3NSWGI0cEI1bmFx', b'Jn9gRMPOQQ14nmSB3NI5LHuFTQALKubiOMySMb/CgdoqQM4pJbk/Om4a0OdpA9FXej68CtbdwGtN0vqsHAadZA==', b'JDJiJDEyJGd0R3NEMkNmWmVSTWFLZC4wV04zLy4=' 记录失败
2022-01-02 02:42:55,483 DAO_base.py execute [line:66] ERROR (1064, "You have an error in your SQL syntax; check the manual that corresponds to your MySQL server version for the right syntax to use near 'JDJiJDEyJDFkOEEvbXhOYmpxZE1yVnNlYVE3WGVvQTVTSFIuWmJVTzNiVGhRU3NGZ2JZeDY0cmN6Nk5H' at line 2")
2022-01-02 02:42:55,483 DAO_email_user.py register_user [line:46] INFO email_user表 插入123, b'JDJiJDEyJDFkOEEvbXhOYmpxZE1yVnNlYVE3WGVvQTVTSFIuWmJVTzNiVGhRU3NGZ2JZeDY0cmN6Nk5H', b'YDKeU3qnJCdMWJHcsapyNslEPIpgywCp8WZEI19mgq3FdgTMQ50q52GYzucfp2gePXNhYtBvyMrMSPdMjOBEgQ==', b'JDJiJDEyJDFkOEEvbXhOYmpxZE1yVnNlYVE3WGU=' 记录失败
2022-01-02 02:43:20,046 DAO_base.py execute [line:66] ERROR (1064, "You have an error in your SQL syntax; check the manual that corresponds to your MySQL server version for the right syntax to use near 'JDJiJDEyJGQ3MHd6d3hMNFhoajByMU5aeHppN09JMUJLd1NnbjFqSlFNZWJiTlE4cWdHTExZbTdoWk1l' at line 2")
2022-01-02 02:43:20,046 DAO_email_user.py register_user [line:46] INFO email_user表 插入123, b'JDJiJDEyJGQ3MHd6d3hMNFhoajByMU5aeHppN09JMUJLd1NnbjFqSlFNZWJiTlE4cWdHTExZbTdoWk1l', b'fzogsGNQg88lcbmPj6zn6w6o+9d+srKQ5/kl6AJUygczNoHIJUUiHwXATIetSXFHZZmDsATTOLejFf85cWn9aA==', b'JDJiJDEyJGQ3MHd6d3hMNFhoajByMU5aeHppN08=' 记录失败
2022-01-02 02:43:40,257 DAO_base.py execute [line:66] ERROR (1062, "Duplicate entry '' for key 'email_user.email'")
2022-01-02 02:43:40,257 DAO_email_user.py register_user [line:46] INFO email_user表 插入123, b'JDJiJDEyJEtNTzZhYjVZWWZ0b3Z5LnJuVmxOUE91ekI4SndDRWFjY0NQc2oxN2RaOWlkcmJpY2gxTFJl', b'DvXt8lAO5+6UlEkxSusZgz+nC3sudeRBe3u4EWysbfCyQZSk+lpyxga0wvoiKSIHH0cj4TUJCHGuQ9p/teGKFw==', b'JDJiJDEyJEtNTzZhYjVZWWZ0b3Z5LnJuVmxOUE8=' 记录失败
2022-01-02 02:46:31,322 DAO_email_user.py register_user [line:44] INFO email_user表 插入123, b'JDJiJDEyJHh3TkdleU55UVdLQUl0TGFLN2xNTWVxY2w1Y3Y4TnFZMHMyWjJVLlhKTmlXU0hhTjdMeUpx', b'j8Cjqm0tuQACihjYdcMOvhG3N9xux++27KDaVuX/Z5I4FizuCx703dG7y9ULwDQUiMWDAii2kUOtZ2nrpOkGpQ==', b'JDJiJDEyJHh3TkdleU55UVdLQUl0TGFLN2xNTWU=' 记录成功
2022-01-02 02:48:34,021 DAO_base.py execute [line:66] ERROR (1062, "Duplicate entry '' for key 'email_user.email'")
2022-01-02 02:48:34,021 DAO_email_user.py register_user [line:44] INFO email_user表 插入124, b'JDJiJDEyJFovTUhMaTd1WmxiNUpNNDAwOEhkN2ViQVNSbVRoNTNyWE5Ba1U1aC94bmpZM25SaDdnUWND', b'T7gLwPOyUxOhMksodmYIBZMo2lhO+FPZLCzq5mC5X0AAZcdCq97wY/gY4K6Md7efGNnAnqte/yu7y+VuBqfROw==', b'JDJiJDEyJFovTUhMaTd1WmxiNUpNNDAwOEhkN2U=' 记录失败
2022-01-02 02:48:53,045 DAO_base.py execute [line:66] ERROR (1062, "Duplicate entry '' for key 'email_user.email'")
2022-01-02 02:48:53,045 DAO_email_user.py register_user [line:44] INFO email_user表 插入124, b'JDJiJDEyJGF4SlZpUGZPTkpXMWswWjZmZlpBWk9EdVdtNHVPcjdVMm95dnUwWTVkNkZzWmJsNzRQaEQy', b'4mnCYYhkN3c/ZN7j5pO1Tcj+j9O53uvqrf1CEOUilnq1itxzNOHv5UvY0c6HpsmIjnGYUSbH49K5od3Y8xRnIA==', b'JDJiJDEyJGF4SlZpUGZPTkpXMWswWjZmZlpBWk8=' 记录失败
2022-01-02 02:50:23,782 DAO_email_user.py register_user [line:42] INFO email_user表 插入124, b'JDJiJDEyJDE1cUpIZEU4Vm5rMHI4NEdJUFFBcE9vdzhtbUlQYmo3ZUdTTDZxVHJuZVFyV0lMemM2aC95', b'eT+wpFXkLPp66KcQsy+dBEu7rVNxAdyUie3I6qDsZgdalf+gucghEkkk3+kRyBzHOEx/GOhnK9xWZd5K1ypF1Q==', b'JDJiJDEyJDE1cUpIZEU4Vm5rMHI4NEdJUFFBcE8=' 记录成功
2022-01-02 02:58:29,236 DAO_email_user.py register_user [line:42] INFO email_user表 插入124, b'JDJiJDEyJEp3b3NvRmZzd0JJSzRhejJJRUxDWk9DQTlvSGV0QzlHLjguVGVUNGJrRUF6UVlCQnV3cFBH', b'w64CCZsllNsM+wtSKulozMgeVfrRmqv01LP5UBeXsn8SN2VTTVxT18px9B2IJFvu0/BdYeFxTIN3wNkEKmkRkg==', b'JDJiJDEyJEp3b3NvRmZzd0JJSzRhejJJRUxDWk8=' 记录成功
2022-01-02 02:59:08,295 DAO_base.py execute [line:66] ERROR (1062, "Duplicate entry '' for key 'email_user.email'")
2022-01-02 02:59:08,295 DAO_email_user.py register_user [line:44] INFO email_user表 插入124, 123, 123, 1233 记录失败
2022-01-02 02:59:59,927 DAO_base.py execute [line:66] ERROR (1062, "Duplicate entry '' for key 'email_user.email'")
2022-01-02 02:59:59,927 DAO_email_user.py register_user [line:44] INFO email_user表 插入124, 123, 123, 1233 记录失败
2022-01-02 03:00:11,382 DAO_email_user.py register_user [line:42] INFO email_user表 插入124, b'JDJiJDEyJGFDdVB2U0Fhc1guM1oyanQuUW9BOGUzOFZNMS8ucTBLSGFXejlMd2pPNS9FRWRoQ2I3Q2NX', b'MThFVIya1NpWXuLrzwkXvsdAl7AG6ycO8A42J8LCuusunnslzL6kHgFJfO8kjbyA5F6rxvckJPMKPo44djP4Ng==', b'JDJiJDEyJGFDdVB2U0Fhc1guM1oyanQuUW9BOGU=' 记录成功
2022-01-02 03:00:48,621 DAO_email_user.py register_user [line:42] INFO email_user表 插入124, b'JDJiJDEyJFRJUFN5NWhhVnpZR2lPdGcvbjZibGV3NUhROTF2ZDVYSDBwODFrZlhyR2lnZ0svNHVkSkx5', b'NVDwQ8C5EcxT0pMTporf4R31sMKhxOWt4XwF6ynfzad+EttdFy+//O6m4vez/2lS4d3uqQjlvbPg8oaX7iMEkA==', b'JDJiJDEyJFRJUFN5NWhhVnpZR2lPdGcvbjZibGU=' 记录成功
2022-01-02 03:01:23,927 DAO_email_user.py register_user [line:42] INFO email_user表 插入124, b'JDJiJDEyJFY2Q3QzU0YzM29zN1M1TFhhTVMwUi5RbEV3NjF0M1U0SS5FTGNURnhJTEhwdVhMc3hsNDBl', b'PV1v/wrs7ZE/05/GqXvanFteRCq988hPsw39mLh4SXck+U+RWWeW9tp4atY4o6fQtuUOyZX9h0H2OGEqViuCtw==', b'JDJiJDEyJFY2Q3QzU0YzM29zN1M1TFhhTVMwUi4=' 记录成功
2022-01-02 03:02:01,003 DAO_email_user.py register_user [line:42] INFO email_user表 插入124, b'$2b$12$z3OAAu/ih4hk/rkXC7hScuQc8.oCFACw7FubznBJb9hHfosHJinHm', b'TCxoxwHWDSJOY/Mv3hJvl8Y9jUP6JMBCG03iCjTdIFKHbb9/MXtLCH/A89j13lfO7I4bnQPUURCJG8R6W6JVKw==', b'JDJiJDEyJHozT0FBdS9paDRoay9ya1hDN2hTY3U=' 记录成功
2022-01-02 03:02:16,985 DAO_email_user.py register_user [line:43] INFO email_user表 插入124, b'$2b$12$Lco3EmYvE.Mf9P6xD5Xdh.UykETXtGHNX2FP9mqclSPF3BNQQzSmS', b'QJY0rsdv43weW8FELL7Esuy6BpOHmnoY+64idezM8TlycM0jIv07NWXp1/mjkkWXkQNjd6ZT2etyakzIi0e0gg==', b'JDJiJDEyJExjbzNFbVl2RS5NZjlQNnhENVhkaC4=' 记录成功
2022-01-02 03:02:29,502 DAO_email_user.py register_user [line:43] INFO email_user表 插入124, b'$2b$12$JCmPe1v67u4fRf3plsMnWu1c.oV38nOMrjwWZnpZIWaYI9MBzEpH6', b'WJ3JEZSU+LZxL8Nws3r4P/2zW+GdcaQDuAZQWl40+pX+LK0WIxr0n0OzwgaYvhWk+TQZzCYuAk+h3yhkrPp43A==', b'JDJiJDEyJEpDbVBlMXY2N3U0ZlJmM3Bsc01uV3U=' 记录成功
2022-01-02 03:07:01,231 DAO_email_user.py register_user [line:43] INFO email_user表 插入124, b'$2b$12$cxgYvtqmsTYUbNfmtmQCW.fENlFfrTxnCGzOgTuDe3Ba0kYr.7Zdm', b'/Wf5VdKUhxHvVBfBA16+DCpJh+aHVr3lEpmYO3ZW/t6spSXn4R9tq9kCGpVXmY3pl01cSk5XC4jm+0s8sZbSkw==', b'JDJiJDEyJGN4Z1l2dHFtc1RZVWJOZm10bVFDVy4=' 记录成功
2022-01-02 03:07:54,069 DAO_base.py execute [line:66] ERROR (1305, 'FUNCTION mailserver.str does not exist')
2022-01-02 03:07:54,069 DAO_email_user.py register_user [line:45] INFO email_user表 插入124, b'$2b$12$ogAK3ow9WxPgnenCk030tOZEZ/y91PuJ3lCuBSuEIDkBWGJJDv2um', b'sKc11Qh3luGW9JKAVenGt34NjaTG+5PTcp+9AxAoZp2O/qDYoHhh8h30mw5/zOOQFPjHSC1PxxPTI7Mud6rzOA==', b'JDJiJDEyJG9nQUszb3c5V3hQZ25lbkNrMDMwdE8=' 记录失败
2022-01-02 03:08:30,080 DAO_email_user.py register_user [line:43] INFO email_user表 插入124, b'$2b$12$6MWMrTTo77n9hmKtrZ.VveDfRMMzKxLQzHKf5fv5/nvX4AKsL1Qxu', b'rVcVWOZ59d3oWfBuu0FKJuitQvlrz2sqdWzG/gEIx1vJ32YwZHg9czkXRGcY06YgdtvqIGVRzYCs4BBUhhvIkA==', b'JDJiJDEyJDZNV01yVFRvNzduOWhtS3RyWi5WdmU=' 记录成功
2022-01-02 03:09:29,643 DAO_email_user.py register_user [line:43] INFO email_user表 插入124, b'$2b$12$WSzvTJ7Nqz.cxRweXUT3Weni1MrlMK7tFb7mOwq8TgRs9RcBHCBqe', b'+oir4UWh5ASLjLVSEIWUvcDsYkq4si9TREr+qtcmLXrvdKqcl5PR7yTxIQxQn/eozX+eqgmMLTBf+ZFjiyhMvQ==', b'JDJiJDEyJFdTenZUSjdOcXouY3hSd2VYVVQzV2U=' 记录成功
2022-01-02 03:10:25,634 DAO_email_user.py register_user [line:43] INFO email_user表 插入124, 125, b'YwEpnhr9RkcdHg08EliPgLEe2VryDhcx/O0lRlYQeb7GDqU+9jIit6hRKhMzMZJih6iwewTdkxpySOE/fCPLAw==', b'JDJiJDEyJFRxVVNKU1I3cDdhRjg2MjVYbTBxMmU=' 记录成功
2022-01-02 03:11:28,472 DAO_email_user.py register_user [line:43] INFO email_user表 插入124, 125, b'Iny8m584iILt6ZXBQ7gxO0ReGfee3O+RHpZnsKZ7K5YRWwSmGMSxENEei3m8mW80KUq0/+Czw4t6Sd5hliMJTw==', b'JDJiJDEyJGhpdEFsUVRMczNKMC8zclA5UnlWUi4=' 记录成功
2022-01-02 03:12:15,015 DAO_email_user.py register_user [line:43] INFO email_user表 插入124, 125, b'Ru3Ku0SEm8Rnl8G2iNDpMEwAc1tf2q51LzzlU8zQE0pvYIGT5wnqWgMb3bTzST/2MPuofX/slH2dV82NOozM1g==', b'JDJiJDEyJGpQYjUvZEdNRjQybm1OT3hEUWIyNXU=' 记录成功
2022-01-02 03:13:00,817 DAO_base.py execute [line:66] ERROR (1064, "You have an error in your SQL syntax; check the manual that corresponds to your MySQL server version for the right syntax to use near '$2b$12$BP28lZtmImvyhfwzI4o2J.zD0qfqHrH4pai8zc2DdQ4i1.e9scRLW'', '123','1233')' at line 2")
2022-01-02 03:13:00,817 DAO_email_user.py register_user [line:45] INFO email_user表 插入124, b'$2b$12$BP28lZtmImvyhfwzI4o2J.zD0qfqHrH4pai8zc2DdQ4i1.e9scRLW', b'7bChBRB61J6Gl6OEAIPrTXcfpfwBdOEVgbkWqMxeN/biP4OzkuPx+op8SMZwNgDutZ/zgb0C1Ty3P4jkDj0oww==', b'JDJiJDEyJEJQMjhsWnRtSW12eWhmd3pJNG8ySi4=' 记录失败
2022-01-02 03:13:28,182 DAO_base.py execute [line:66] ERROR (1064, "You have an error in your SQL syntax; check the manual that corresponds to your MySQL server version for the right syntax to use near '$2b$12$GpaPbI721ZiEN98T5HQrgueyigCasqcjrc5qPnwrYPBt.ON4AeoTG'', '123','1233')' at line 2")
2022-01-02 03:13:28,182 DAO_email_user.py register_user [line:45] INFO email_user表 插入124, b'$2b$12$GpaPbI721ZiEN98T5HQrgueyigCasqcjrc5qPnwrYPBt.ON4AeoTG', b'HNQQqpfM0V72bj3mQTIhndZLferiHvBRqeqwjQGVuRDMm+pPcfClVF9AKNua/O6gXIoSUVDOrMPTSqiST8GjpQ==', b'JDJiJDEyJEdwYVBiSTcyMVppRU45OFQ1SFFyZ3U=' 记录失败
2022-01-02 03:18:51,186 DAO_base.py execute [line:66] ERROR (1064, "You have an error in your SQL syntax; check the manual that corresponds to your MySQL server version for the right syntax to use near 'b'$2b$12$IbEYGHm.k2u080PWaQOuTuaPdojQLri5mUiUV8XmOKcK3tcdZlt1u', '123','1233')' at line 2")
2022-01-02 03:18:51,186 DAO_email_user.py register_user [line:45] INFO email_user表 插入124, b'$2b$12$IbEYGHm.k2u080PWaQOuTuaPdojQLri5mUiUV8XmOKcK3tcdZlt1u', b'm9AIbWcp/jqWNYTlcm298ZKnbajDax+vnEKy0FEmSiUt63yql2VKbX26CCfDmHgy6y3r819G4O69NGbrKbNz/A==', b'JDJiJDEyJEliRVlHSG0uazJ1MDgwUFdhUU91VHU=' 记录失败
2022-01-02 03:29:30,536 DAO_base.py execute [line:66] ERROR (1064, "You have an error in your SQL syntax; check the manual that corresponds to your MySQL server version for the right syntax to use near 'b'$2b$12$J54akVF1UZe6hoxck0DqPuwgKTTehBZvXpf9nYdOIPATzyiowST0a', '123','1233')' at line 2")
2022-01-02 03:29:30,536 DAO_email_user.py register_user [line:45] INFO email_user表 插入124, b'$2b$12$J54akVF1UZe6hoxck0DqPuwgKTTehBZvXpf9nYdOIPATzyiowST0a', b'wvuzl9zic1v+jSnNR7ES5DJFIW1PgfGztGS9ic4qQhXJ7++zu+TExhqNLn9nOLA8QYEClcwtoazp5Gf10CLK4g==', b'JDJiJDEyJEo1NGFrVkYxVVplNmhveGNrMERxUHU=' 记录失败
2022-01-02 03:29:53,084 DAO_base.py execute [line:66] ERROR (1064, "You have an error in your SQL syntax; check the manual that corresponds to your MySQL server version for the right syntax to use near 'b'$2b$12$x8UbeF9rBRc5sueqsPt2oel.20vXK2d7A2Owpl5nr6dfjzd62CFjO', '123','1233')' at line 2")
2022-01-02 03:29:53,085 DAO_email_user.py register_user [line:45] INFO email_user表 插入124, b'$2b$12$x8UbeF9rBRc5sueqsPt2oel.20vXK2d7A2Owpl5nr6dfjzd62CFjO', b'ga3m4Bk/ghBroSz6FurBcIzH4mFPlSfl2Yn6iF515kIrXb0U+eKeC8v0c+PUmegTju3lhzY7Fj0ImfG9mbLwwA==', b'JDJiJDEyJHg4VWJlRjlyQlJjNXN1ZXFzUHQyb2U=' 记录失败
2022-01-02 03:30:13,084 DAO_base.py execute [line:66] ERROR (1064, "You have an error in your SQL syntax; check the manual that corresponds to your MySQL server version for the right syntax to use near 'b'$2b$12$3HW773K/Q4OkPhkwpVMbt.uxTeO.uEkmfXZCgfDDqsT6G0ZETkXEO', '123','1233')' at line 2")
2022-01-02 03:30:13,085 DAO_email_user.py register_user [line:45] INFO email_user表 插入124, b'$2b$12$3HW773K/Q4OkPhkwpVMbt.uxTeO.uEkmfXZCgfDDqsT6G0ZETkXEO', b'JyPw9PymCTXVUaB1NDdaNvX0adIZxBmadC0yuUhJkL0xdnav9t2gnZ369UUksGk6uhdIeHk4J1pW4A6G+TkDvg==', b'JDJiJDEyJDNIVzc3M0svUTRPa1Boa3dwVk1idC4=' 记录失败
2022-01-02 03:31:19,137 DAO_base.py execute [line:66] ERROR (1064, "You have an error in your SQL syntax; check the manual that corresponds to your MySQL server version for the right syntax to use near 'b'$2b$12$WCfyux/47onld5BN3zLmDOdm3BAewqtEARCs1PrmlOtny/fNn6Jm6', '123','1233')' at line 2")
2022-01-02 03:31:19,138 DAO_email_user.py register_user [line:45] INFO email_user表 插入124, b'$2b$12$WCfyux/47onld5BN3zLmDOdm3BAewqtEARCs1PrmlOtny/fNn6Jm6', b't47du+w9eXSfqT6mU4nHxS22iB0E3+CLsI8i3WL5GMVlH4mR+gH1oxwhKmb+KxcyPhmzCdO9jzNwqN9qJkJ6ng==', b'JDJiJDEyJFdDZnl1eC80N29ubGQ1Qk4zekxtRE8=' 记录失败
2022-01-02 03:32:40,893 DAO_base.py execute [line:66] ERROR (1064, "You have an error in your SQL syntax; check the manual that corresponds to your MySQL server version for the right syntax to use near 'b'$2b$12$7C7OdFby1beLcsgiTEFTHeGBPaZjCN6ClMa71.VsvO7mM84bwxq16', '123','1233')' at line 2")
2022-01-02 03:32:40,894 DAO_email_user.py register_user [line:45] INFO email_user表 插入124, b'$2b$12$7C7OdFby1beLcsgiTEFTHeGBPaZjCN6ClMa71.VsvO7mM84bwxq16', b'QGCBC7x3MmoDw7DxGLlXyM3cUOVDRukLX+B6rU0nACaH/sse8Js1K2J1G4FrpC5uDbkZWpy6GBsqQKHPKmgr7g==', b'JDJiJDEyJDdDN09kRmJ5MWJlTGNzZ2lURUZUSGU=' 记录失败
2022-01-02 03:32:53,181 DAO_base.py execute [line:66] ERROR (1064, "You have an error in your SQL syntax; check the manual that corresponds to your MySQL server version for the right syntax to use near 'b'$2b$12$HoKClduI0CTGXEDUhTdcXeeomUP4U5OjuJV4F0O1qUFqfs6fycZQC', '123','1233')' at line 2")
2022-01-02 03:32:53,182 DAO_email_user.py register_user [line:45] INFO email_user表 插入124, b'$2b$12$HoKClduI0CTGXEDUhTdcXeeomUP4U5OjuJV4F0O1qUFqfs6fycZQC', b'Kp328luEyYkYvC3Kq3ZqkGTSmTcFlpWoXLCl/YKnpj14WAKgsWCfM5jHoybkd3eEW8F+T9cCH8Oeirwp9wF1rw==', b'JDJiJDEyJEhvS0NsZHVJMENUR1hFRFVoVGRjWGU=' 记录失败
2022-01-02 03:33:48,666 DAO_base.py execute [line:66] ERROR (1064, "You have an error in your SQL syntax; check the manual that corresponds to your MySQL server version for the right syntax to use near 'b'$2b$12$euOYLNwazM2NXclnrqjI4Oo1AFxkECuBJfhD2GQnuqCbC2Jv8OXRC', '123','1233')' at line 2")
2022-01-02 03:33:48,666 DAO_email_user.py register_user [line:45] INFO email_user表 插入124, b'$2b$12$euOYLNwazM2NXclnrqjI4Oo1AFxkECuBJfhD2GQnuqCbC2Jv8OXRC', b'VfRkUEr1awqqOb4WiHvaPkU2MQAtsZWabBSYVPUoOMjfVMFwlFZJeAQ4Yq0G67BvqEiqTUPE2bYKKtbEFCw5Zg==', b'JDJiJDEyJGV1T1lMTndhek0yTlhjbG5ycWpJNE8=' 记录失败
2022-01-02 03:34:33,734 DAO_base.py execute [line:66] ERROR (1064, "You have an error in your SQL syntax; check the manual that corresponds to your MySQL server version for the right syntax to use near 'b'$2b$12$.tZ3L1SZUtCRNoz2mEZT1uA8BdagslSeL5d3qfYYG0nbNwalk/ab.', '123','1233')' at line 2")
2022-01-02 03:34:33,735 DAO_email_user.py register_user [line:46] INFO email_user表 插入124, b'$2b$12$.tZ3L1SZUtCRNoz2mEZT1uA8BdagslSeL5d3qfYYG0nbNwalk/ab.', b'8tcsHH73czEMp8zmsfwC0izllGll6fQFKvbTubp3IX0tKdoy1cQxzLSf5Gs8BMs5SLiHomJ584v0BPq1gpudUw==', b'JDJiJDEyJC50WjNMMVNaVXRDUk5vejJtRVpUMXU=' 记录失败
2022-01-02 03:35:06,789 DAO_base.py execute [line:66] ERROR (1064, "You have an error in your SQL syntax; check the manual that corresponds to your MySQL server version for the right syntax to use near '$2b$12$UIJ5IP98GunHs6U401/AseKOsK5WfIL70VnsCQOUyxsZo5NvhKsGq'', '123','1233')' at line 2")
2022-01-02 03:35:06,790 DAO_email_user.py register_user [line:45] INFO email_user表 插入124, b'$2b$12$UIJ5IP98GunHs6U401/AseKOsK5WfIL70VnsCQOUyxsZo5NvhKsGq', b'A//5BLq+o4KZshIRDP1MQUkYQ9/z/RRz9ex//pCZZWY1DFJEewVUg/cDVW45vXuc/vRmsdapTBU6TwlCh6dDAw==', b'JDJiJDEyJFVJSjVJUDk4R3VuSHM2VTQwMS9Bc2U=' 记录失败
2022-01-02 03:37:47,962 DAO_base.py execute [line:66] ERROR (1064, "You have an error in your SQL syntax; check the manual that corresponds to your MySQL server version for the right syntax to use near '123'', '123','1233')' at line 2")
2022-01-02 03:37:47,963 DAO_email_user.py register_user [line:45] INFO email_user表 插入124, b'$2b$12$GIBMo60OvkPBRBC6tzhOXum80qK.nb6KMsO4zNbLzKZJ6s5eQgJU2', b'cB9OLZFfrVoHcEJOtGGMpllAvqKWv5Q7iL82XjCJaFd10FcYMfVIYae3Ls/PWwOxOQlKAiZkT8tIVD0z4PhuTA==', b'JDJiJDEyJEdJQk1vNjBPdmtQQlJCQzZ0emhPWHU=' 记录失败
2022-01-02 03:39:55,840 DAO_base.py execute [line:66] ERROR (1064, "You have an error in your SQL syntax; check the manual that corresponds to your MySQL server version for the right syntax to use near '123'', '123','1233')' at line 2")
2022-01-02 03:39:55,840 DAO_email_user.py register_user [line:45] INFO email_user表 插入124, b'$2b$12$bFW0MVAsttjTWKoTOHMapu9YxFVF0yjrH5WlVHO3zWIUYCY4x2f4O', b'SbAr1PENipPrJ3boZTsdDjDBRmeOhucB6jAP+El+KOQ0u5esJiwEdY4gL3ZoejRMtYDds+Iqngn//Bq69RPMPA==', b'JDJiJDEyJGJGVzBNVkFzdHRqVFdLb1RPSE1hcHU=' 记录失败
2022-01-02 03:40:30,821 DAO_base.py execute [line:66] ERROR (1064, "You have an error in your SQL syntax; check the manual that corresponds to your MySQL server version for the right syntax to use near '123'', '123','1233')' at line 2")
2022-01-02 03:40:30,822 DAO_email_user.py register_user [line:46] INFO email_user表 插入124, b'$2b$12$ivzWavhflvmgVMYbqYfyTOauRR6Gcux71bWjO.xSb.McJ8uS1zJH6', b'SbrJWmJnxJH481WOxqqv5Dw3XrlYM7gjsF0QfTlaKhNpN1YuRbtlOhk7AYlFwGpsgnSA8g6AMNRCQWmMz2Zf9g==', b'JDJiJDEyJGl2eldhdmhmbHZtZ1ZNWWJxWWZ5VE8=' 记录失败
2022-01-02 03:43:35,201 DAO_base.py execute [line:66] ERROR (1064, "You have an error in your SQL syntax; check the manual that corresponds to your MySQL server version for the right syntax to use near 'MTIz'', '123','1233')' at line 2")
2022-01-02 03:43:35,202 DAO_email_user.py register_user [line:47] INFO email_user表 插入124, b'$2b$12$FeBzlt2rnxo5RDCErdCBe.ZC3Y7dkOEhXOABvqZnTiWfnLc14w1gm', b'3Cq8zb9ICKJz1nc22CgRQ6Z4Zq4gI2vh5ow7tqMUSmtfBv3XrUgA9yHxs2myVfF316dTXvKjg2bHkcxV+QttSw==', b'JDJiJDEyJEZlQnpsdDJybnhvNVJEQ0VyZENCZS4=' 记录失败
2022-01-02 03:44:22,225 DAO_base.py execute [line:66] ERROR (1064, "You have an error in your SQL syntax; check the manual that corresponds to your MySQL server version for the right syntax to use near 'MTIz'', '123','1233')' at line 2")
2022-01-02 03:44:22,226 DAO_email_user.py register_user [line:47] INFO email_user表 插入124, b'$2b$12$TjtxSbVcxhgG8v8.i8qPQ.jmU1mu.ylswKJbNLqfq8PYxjZMParqe', b'kRTdDDCau2Igd0NjaunRRV/IMYGy4SocZ+Vs6evrFLmfYD0XnDCa27YaT6GI+viMVdFy9GTUedBoF0uPRm5qvA==', b'JDJiJDEyJFRqdHhTYlZjeGhnRzh2OC5pOHFQUS4=' 记录失败
2022-01-02 03:45:53,465 DAO_base.py execute [line:66] ERROR (1064, "You have an error in your SQL syntax; check the manual that corresponds to your MySQL server version for the right syntax to use near 'MTIz'', '123','1233')' at line 2")
2022-01-02 03:45:53,466 DAO_email_user.py register_user [line:47] INFO email_user表 插入124, b'$2b$12$Q2/n.TQgVItnBMObDlNoZOnvD.bsaROOj7hQ9l3QM3lPzCKElGkAa', b'fW6PKr/DYRceYHePUOLMTGJT8FflzEmBUncNpVj4Cbhjx8tvyISuR8yM0S1iY8CNg/9fhTyInLdoQBLs6VvkJA==', b'JDJiJDEyJFEyL24uVFFnVkl0bkJNT2JEbE5vWk8=' 记录失败
2022-01-02 03:46:25,019 DAO_base.py execute [line:66] ERROR (1064, "You have an error in your SQL syntax; check the manual that corresponds to your MySQL server version for the right syntax to use near 'MTIz'', '123','1233')' at line 2")
2022-01-02 03:46:25,020 DAO_email_user.py register_user [line:47] INFO email_user表 插入124, b'$2b$12$mSm4CJR70MK7VQqDBk14t.Xn/UzDARa/47bbEKrYX/ReVyjIWXh3W', b'Cp/GuyVSzvzCsMs+JkXQ6YgNCfqE06hU9SaX7uTkHlJS4oQh8TbQfQdr4imk7jm2dWoCl+Jz8WMXr3RhfuQTdQ==', b'JDJiJDEyJG1TbTRDSlI3ME1LN1ZRcURCazE0dC4=' 记录失败
2022-01-02 03:46:44,884 DAO_base.py execute [line:66] ERROR (1064, "You have an error in your SQL syntax; check the manual that corresponds to your MySQL server version for the right syntax to use near 'MTIz'', '123','1233')' at line 2")
2022-01-02 03:46:44,885 DAO_email_user.py register_user [line:47] INFO email_user表 插入124, b'$2b$12$7FoLtDHwmwRD2UzHdwoLNO5tOkd8B3SNLU1UtRnMuYnXEXjlgkjja', b'lv5syKMDaXo4syRMHR67DQKVBfARE0XNGcRBym/sGqDAqamQj3GrJJuNhXo+KXJQ9la87X6fZnmWsHFfX940dQ==', b'JDJiJDEyJDdGb0x0REh3bXdSRDJVekhkd29MTk8=' 记录失败
2022-01-02 03:46:59,567 DAO_email_user.py register_user [line:45] INFO email_user表 插入124, b'$2b$12$8IYcgsBJyRR1wq5K32wl0OGJSleXua2CFRYbAJ7Pj5gpkGnQKXy9y', b'If0+XMH4JXZarYzWrKzit/XrXoQgZwpuB4tdGWyfpkc7T11mSHaX2im3NWGAQe9qBxOqZuvPVkSSu4fhZlizcA==', b'JDJiJDEyJDhJWWNnc0JKeVJSMXdxNUszMndsME8=' 记录成功
2022-01-02 03:47:33,395 DAO_base.py execute [line:66] ERROR (1064, "You have an error in your SQL syntax; check the manual that corresponds to your MySQL server version for the right syntax to use near '123'', '123','1233')' at line 2")
2022-01-02 03:47:33,395 DAO_email_user.py register_user [line:47] INFO email_user表 插入124, b'$2b$12$uj4pKRJgdomiaxLNhCvfD.0R6Gq91e33LYzIhbQ3lYrsFnva3Hq.m', b'NZW+SJr8KM4JjExQyPdbRXQTCLMHJNw0l0zy65C4SUKhkR49eW2zDlI9HULGmlRy7nb34cJBTG2hqOAumlF4OA==', b'JDJiJDEyJHVqNHBLUkpnZG9taWF4TE5oQ3ZmRC4=' 记录失败
2022-01-02 03:47:52,207 DAO_email_user.py register_user [line:45] INFO email_user表 插入124, b'$2b$12$xwcZ1d/cjmu.7aqa1Fl9xu84CtJ7gFzDVpxbzbQJafWlA.y68k91G', b'gFkxenZnfe5F2u4i/1qg3EUAOiAaNmMvYKIML2b9JPB6xb1rDyQj9yGO8FeUofNRCKSqPylWsJ9wokiiQGg1cg==', b'JDJiJDEyJHh3Y1oxZC9jam11LjdhcWExRmw5eHU=' 记录成功
2022-01-02 03:48:05,960 DAO_base.py execute [line:66] ERROR (1064, 'You have an error in your SQL syntax; check the manual that corresponds to your MySQL server version for the right syntax to use near \'"123", "123", "1233")\' at line 2')
2022-01-02 03:48:05,961 DAO_email_user.py register_user [line:47] INFO email_user表 插入124, b'$2b$12$YzQ.F.Y44PpWGVQQVRPHxezpPOeF02UG03WEnw5KZAEcCsQ8JNqN2', b'nUld/h+Vc7gefbvNkoW55V7szjR2xB0Hb6iYkeCkgcKiY8h9x9T6/0Jm45wMVmLS5K4dojb7F4yeJqUqmXVHrw==', b'JDJiJDEyJFl6US5GLlk0NFBwV0dWUVFWUlBIeGU=' 记录失败
2022-01-02 03:48:18,862 DAO_base.py execute [line:66] ERROR (1064, 'You have an error in your SQL syntax; check the manual that corresponds to your MySQL server version for the right syntax to use near \'\x08"123", "123", "1233")\' at line 2')
2022-01-02 03:48:18,862 DAO_email_user.py register_user [line:47] INFO email_user表 插入124, b'$2b$12$RNDuzxrKpnnm1FVG3jZ0UeUr2Y9OPxAJh3XFhTf2YKcFiRcE0jkaK', b'ZfH8iXKhDOOYYr1fSHgrKeGKa8zAFpurgIx/Y0jLrBhwRLzOd2b7d76AB+gwVPqPFZj55xaq0xVfMl1WcBPV+A==', b'JDJiJDEyJFJORHV6eHJLcG5ubTFGVkczalowVWU=' 记录失败
2022-01-02 03:48:47,608 DAO_base.py execute [line:66] ERROR (1054, "Unknown column 'n' in 'field list'")
2022-01-02 03:48:47,608 DAO_email_user.py register_user [line:47] INFO email_user表 插入124, b'$2b$12$M0hOsB6HWmg43MZH/KPEa.JrSsDmwDOqRzuJR0VNcEMOy.rAr6uIa', b'+8DrosWDlJoYzUKFEuKOkDTR1apdJDMkZMdxSgDwNuu7FsPEvcP9Qjk6tnOXT0KSdjf2jHGMBd9v3YaOAM05lA==', b'JDJiJDEyJE0waE9zQjZIV21nNDNNWkgvS1BFYS4=' 记录失败
2022-01-02 03:49:13,315 DAO_base.py execute [line:66] ERROR (1054, "Unknown column 'n' in 'field list'")
2022-01-02 03:49:13,316 DAO_email_user.py register_user [line:47] INFO email_user表 插入124, b'$2b$12$xEoZAEFqdyb.cYLtOARH1uIHBZqZnShSdeFF5XiXPd43x0eDGhWeC', b'kCD43Ke0JyUcgcd2MHNC0C3nNAtadkwItS2xh6wGJBa5tvCragNWmABXmqgLGr2UmPorDdGIC7bMMhEnwWejpA==', b'JDJiJDEyJHhFb1pBRUZxZHliLmNZTHRPQVJIMXU=' 记录失败
2022-01-02 03:50:04,482 DAO_email_user.py register_user [line:45] INFO email_user表 插入124, b'$2b$12$4V7Xl0Pi0//gXn7trP3D9uBzG1UfxC1Qg8.QhtQ0W8Mej1iyLyaKC', b'2dPYn8buPHeMaBvo1XYCEyxm/Tc+BjDZexY2nur3/g5BKGUdkKBa1N8f8lIb6GNxbQ8dXhAlTLaQuTMLyEbHqg==', b'JDJiJDEyJDRWN1hsMFBpMC8vZ1huN3RyUDNEOXU=' 记录成功
2022-01-02 03:50:16,914 DAO_base.py execute [line:66] ERROR (1064, "You have an error in your SQL syntax; check the manual that corresponds to your MySQL server version for the right syntax to use near '123'', '123','1233')' at line 2")
2022-01-02 03:50:16,915 DAO_email_user.py register_user [line:47] INFO email_user表 插入124, b'$2b$12$UzKcbppjeukJLa53NoKlNe/MtKonCnIb5cLvLIsPJ7Hd6Yb56ZVAi', b'YtC4ja3s+MYYhHkI5uQtwnqQi2O4JxhwnPH52do56+uhLErwBG4FwHQzgBdyyL5GdJvw5CzlzOZklze4+RMnig==', b'JDJiJDEyJFV6S2NicHBqZXVrSkxhNTNOb0tsTmU=' 记录失败
2022-01-02 03:50:51,117 DAO_base.py execute [line:66] ERROR (1064, "You have an error in your SQL syntax; check the manual that corresponds to your MySQL server version for the right syntax to use near 'b'123', '123','1233')' at line 2")
2022-01-02 03:50:51,118 DAO_email_user.py register_user [line:47] INFO email_user表 插入124, b'$2b$12$8x9CfHFLAbDhymyDbd93EO7titZ5FAAkGAZgdNnCVH0qC9obDrGZG', b'pDNhm5UnIIpHRnbHJHlC/YB/HZBzYNTyQLlkr3PrTl9K3G5E5OchbY2s/PSLO3aqpei8zeGsFRKR8Td6CUXxBA==', b'JDJiJDEyJDh4OUNmSEZMQWJEaHlteURiZDkzRU8=' 记录失败
2022-01-02 03:51:11,863 DAO_base.py execute [line:66] ERROR (1064, "You have an error in your SQL syntax; check the manual that corresponds to your MySQL server version for the right syntax to use near 'b'123', 123,1233)' at line 2")
2022-01-02 03:51:11,864 DAO_email_user.py register_user [line:47] INFO email_user表 插入124, b'$2b$12$tBhlGasWQrlBITRZf2mSdOw9c3Of7PJ0TXHLyQDki8DZK0pK63vaO', b'mayMJfhx7Gwdk5/PPpnm12VXuWaTqmIm8ZnKjYzww+Yb9JWoS7YZRq4FZ+S3uV83ecjtQW1Txd99Gx1G1IDq8Q==', b'JDJiJDEyJHRCaGxHYXNXUXJsQklUUlpmMm1TZE8=' 记录失败
2022-01-02 03:53:02,308 DAO_base.py execute [line:66] ERROR (1064, "You have an error in your SQL syntax; check the manual that corresponds to your MySQL server version for the right syntax to use near '%s, %s, %s,%s)' at line 2")
2022-01-02 03:53:02,309 DAO_email_user.py register_user [line:49] INFO email_user表 插入124, b'$2b$12$6gUPpKw4QQFOHPwPUgmlS.P9OeEEc9uZh.dj.lSp7BfLo9ovvg7Ga', b'oEONamdQVh8LVRdPJNssZ2VIZrE5rQEi5DVHwWcnZ58E31GxW/HIt9qRB+Vpl8mnswkDvW3cZ5li3489xIUB4g==', b'JDJiJDEyJDZnVVBwS3c0UVFGT0hQd1BVZ21sUy4=' 记录失败
2022-01-02 03:55:06,926 DAO_base.py execute [line:66] ERROR (1064, "You have an error in your SQL syntax; check the manual that corresponds to your MySQL server version for the right syntax to use near '%s, %s, %s,%s)' at line 2")
2022-01-02 03:55:06,926 DAO_email_user.py register_user [line:49] INFO email_user表 插入124, b'$2b$12$m3FXiwhy.8VxT1Dcpo0OE.hs241tIyOpS50xQ6uczh.T/CzuJB/hC', b'ZBo5EpU0TDJiNnmFA8pgJG1aE5RzXjgaBG+jsYKXHd2Ys6dh81SkJ24dnmTJ1LuViARCWnJQXmWdSzCHaqoVWA==', b'JDJiJDEyJG0zRlhpd2h5LjhWeFQxRGNwbzBPRS4=' 记录失败
2022-01-02 03:55:23,856 DAO_base.py execute [line:66] ERROR (1064, "You have an error in your SQL syntax; check the manual that corresponds to your MySQL server version for the right syntax to use near '%s, %s, %s,%s)' at line 2")
2022-01-02 03:55:23,857 DAO_email_user.py register_user [line:49] INFO email_user表 插入124, b'$2b$12$8I32w6thrgU.Dz89jl.EK.Hc4/lbdhxotQ5GMMSw8d.iMUG/KCtSG', b'fAD6AQSZzHQgLtFqCC7ZmRsIOnVO9sl3ZLnYIc19UrBvDXrnNpcxzEfys4F3gitPDUosTkUOsaIMcTlo0HEATg==', b'JDJiJDEyJDhJMzJ3NnRocmdVLkR6ODlqbC5FSy4=' 记录失败
2022-01-02 03:58:45,426 DAO_base.py execute [line:66] ERROR not enough arguments for format string
2022-01-02 03:58:45,426 DAO_email_user.py register_user [line:48] INFO email_user表 插入124, b'$2b$12$9vwUPPs25.80nY6xcqSuB.nyQDaerK.yZTmFB4XY8SeGfGWPixBsu', b'rPB+a55GLoB3y/j9SYlETblncWm/uHMZsu6qfRiwSzZenz+b4jNlNGdUJb5ckjmL35U4ugRQHUZ1ddpUpWQH5w==', b'JDJiJDEyJDl2d1VQUHMyNS44MG5ZNnhjcVN1Qi4=' 记录失败
2022-01-02 03:59:35,861 DAO_base.py execute [line:66] ERROR not enough arguments for format string
2022-01-02 03:59:35,862 DAO_email_user.py register_user [line:48] INFO email_user表 插入124, b'$2b$12$XysoqcxmhX2KFbOGOZjSu.Nj2VND8ElgOhn018EblokKc0BaK00/i', b'5wB9bwVfp42QhAI8pgjvwSLPiwxv+HyuXvPBCSTu0TCis3aAXOSut2pCvuiCrQwYKf8NBOSxzcYZR+KmqfXJXQ==', b'JDJiJDEyJFh5c29xY3htaFgyS0ZiT0dPWmpTdS4=' 记录失败
2022-01-02 04:00:22,165 DAO_base.py execute [line:67] ERROR not enough arguments for format string
2022-01-02 04:00:22,165 DAO_email_user.py register_user [line:48] INFO email_user表 插入124, b'$2b$12$Sf2lKFTbz9E.wY7mhY3jFuTtoKrC3.6ucIXkHT1q1AStbOai8Iziq', b'H2m5us+QgzCXuJNXTLZ76A3jj/+l8iBRPgV7FKrnnalT5WQw7FRL4eZUYc3LQD8EC+oMoyn9FI4h5Pb+T462jA==', b'JDJiJDEyJFNmMmxLRlRiejlFLndZN21oWTNqRnU=' 记录失败
2022-01-02 04:00:56,866 DAO_email_user.py register_user [line:46] INFO email_user表 插入124, b'$2b$12$olmI7F5nnaHPr8q42d5K1e5rj3TeZ4SWTMHq5aKSNDq5kac2Fh9jG', b'OmfLHNyEPunJlKB/1e81pVVw9v4+4dp727lrkO0eCTWMdVMjIOOmsQwlQh0FyWCj+Jo3KVnECrJ5DkWNq+g81A==', b'JDJiJDEyJG9sbUk3RjVubmFIUHI4cTQyZDVLMWU=' 记录成功
2022-01-02 04:05:47,256 DAO_email_user.py register_user [line:46] INFO email_user表 插入124, b'$2b$12$sjt1SHXPZKXyte17jADM9Oii5axTz.cl3lD/KNlmsmfsdpnu2LeO2', b'\xcc\xde\xec\x1dWU\x9a8\xb6\xf1\xe0,/X\xa9j\xb2\x8a\xdb\xe1\x91{qu\x97}y\x7f23V\x90\xa2\xbb\xef\xf0^\x1b\xe7\x10;N\xa0\x86%?,b\x8a\xaa9M\xcd\xfc\x87x\xfb:[l\xf6\x8a6\x19', b'$2b$12$sjt1SHXPZKXyte17jADM9O' 记录成功
2022-01-02 04:05:50,659 DAO_email_user.py register_user [line:46] INFO email_user表 插入124, b'$2b$12$D4aTVfUxUBIhh02g5ZW9gegZ.dIddhKzR8yOTfdMCdrX9hcbHt/S2', b'\x99\xd6\xee_\xc4y\xbd\xf0\x1b\xe6\xc6\x15\x89.\x18hs\xaeV\xca\xde\xf1S**\x98\xed\xd0\x8b\xaf]a@\x16\xa4@g4\xe9\xf0G\\\xf2\xb8\x98G$\x9d`\x97\x02\xf6\xee4\xa4\x17:J\xb3\xb3\x1b\xf0i\xc1', b'$2b$12$D4aTVfUxUBIhh02g5ZW9ge' 记录成功
2022-01-02 04:05:53,316 DAO_email_user.py register_user [line:46] INFO email_user表 插入124, b'$2b$12$V.6EgY.r.HrohVQPz8ReteCqQMag1QzxylKKOE6fQxh1HiAQTF/Xm', b'\xdc\xc2\x8aZ\xb1\x87\x7f\xfb\xdb\xca\xcc\x9fp\xd5R\xa0Z\x97{\x8f\xb3\x1e\xf6\xee\xb3Uj\x96\xae\x97\xf5\x96[\xad\xbe\xe9(\xafb\x9b0\xb9fa\xf3\xccS\x11\x8499\xbb\xa3\xf8tt\xe7}\xb9DO\xd3\xd4\x8b', b'$2b$12$V.6EgY.r.HrohVQPz8Rete' 记录成功
2022-01-02 04:05:56,177 DAO_email_user.py register_user [line:46] INFO email_user表 插入124, b'$2b$12$Ez2Xc0SRQ90pcJWcNxzh.OKjE815GQTNeZZmLi5Fd1PXQIkROH7ou', b'\xf7${\x7fO\\i\x07\xd7/\x8e\xc3"\x91Ut\xaf\xf0\x9f\x93(0=\xc19\x83\x1d*\xc7\x9a\x81x\x9b\ndeZ\xfe{S\x036\x8d\x03\xc1#\x94\x1b&<\xb9\x0e%f!T^\xf4\xe4\xc2\x116i\xc0', b'$2b$12$Ez2Xc0SRQ90pcJWcNxzh.O' 记录成功
2022-01-02 04:05:58,806 DAO_email_user.py register_user [line:46] INFO email_user表 插入124, b'$2b$12$0uvePGnY3GEMEJTPSxnQU.mh9ZSLfQefgkTaTOsbgfhDyeMB54cKG', b'\x87A\xbe+!\xa3&\x13\x9aQg?\xe7\xc7\x1e\x05\x0bH\x11\x04\xe6\xbdir\xb6\x90\x810R\xbc\x80o\xfamH\x9b\xbd\x8dR\\z\x90p\xaa&j\xfc\x88\xda\x99h\x87\xd1\xdc"\x85o\xda\x0bN\x9f\xe4\xfc\xb0', b'$2b$12$0uvePGnY3GEMEJTPSxnQU.' 记录成功
2022-01-02 04:06:01,108 DAO_email_user.py register_user [line:46] INFO email_user表 插入124, b'$2b$12$iBu8qdgZJ/GNc9ghPeIlL.sf7qfQecpLEEQTRoDICD2iNEDKGqjyS', b'F\xf9w\x03n\x12|\xaa\xddE\xb5l\xce\xd9\xb4\xea\xf2\x91\xcf\xafJ\x03\xc1z\x90\xaa\xc0\xb4\x9c]\xdf\x9b,\xd9\xec\xbc\xfc\xa0\x94\xff\x8e}\x0e\x84\x92\r\xecb\xe3YbM\xadu\xf6_\xca\xc2\xce\\w\xe1\xa5\xe5', b'$2b$12$iBu8qdgZJ/GNc9ghPeIlL.' 记录成功
2022-01-02 04:06:03,438 DAO_email_user.py register_user [line:46] INFO email_user表 插入124, b'$2b$12$fmD7BzKaJd/1Zb9wNln1FuRhvd.m13ntxz1u1slomQ/uMTsPJlTJy', b"{!p\xdd\xbe\rtZ+C\xc6'\x0e\xddZ\x01N\x1f\xb3\x98\xee\xd13~G\xf4\x84\xacw\xd3\xdb\xd7i\x05\xa9\xdf:Q\x80aR\xd9\x80\xc6/\x9a\x0090\xea\xcb\x0c\xe0\xee\x00N\xf0r\xf8C\x91\x1b\xd2B", b'$2b$12$fmD7BzKaJd/1Zb9wNln1Fu' 记录成功
2022-01-02 04:08:19,948 DAO_email_user.py register_user [line:46] INFO email_user表 插入124, b'$2b$12$OyC.QzcMXoQ8piyzxK.6m./OPnnWjKWrcYueHLLkEWY5avs3ZUQ1S', b'\xa5\xa9\x01\x83\x1fBB-\xc6K\x0b\x083\xe1R\xeb\x18\xa1\xc9Ld\xf1\x9e\xaa\xfc\xbc\xa4\xb1\x19\x01\xafF?P\x9b\x99\x15n#U\xba\xc5\xb2\xf0:\xdcW1\x13\xcf#s.\xc5\n\x0f\xc3\xe96\x910\xb90\xce', b'$2b$12$OyC.QzcMXoQ8piyzxK.6m.' 记录成功
2022-01-02 05:02:50,129 DAO_email_user.py register_user [line:44] INFO email_user表 插入124, b'$2b$12$1QgMR3l0kpUm8ttlQRgMY.BycU/Ze2D5NeuJWprgi7Wm9xAGEyQWu', b'\x97\xefK%\xdd\x98\x85\x93\xbc\xa4a\x7fe\x88\x87\xbct\x8a\xa8\x87\xb5\xec \xdf\xee\xe3\xe1\xa2\xf9\xd8\xfa6G\xa0\xe1\xc6%\xf7\xabA\x909\x19\x92\xa2\x8e\xc4\x8f~^\xfa\xfe\xdd\xbeq\x89J\x82\x12\x7f\xec\xbb\xf9m', b'$2b$12$1QgMR3l0kpUm8ttlQRgMY.' 记录成功
2022-01-02 14:03:05,740 DAO_email_user.py register_user [line:44] INFO email_user表 插入124, b'$2b$12$cmeG2HYC6/5ILv2wroKD/eheeUs0tj1T5Div5jj80VtqT2BWHOeoa', b'5p\x90\xc1\xbf|[\xd4\x06Mx\xc3\x12\'\xac\xa4\xba"hh\x8eg\xf03\xf1\xfa\xd6\x1d\xfbI"R\xbf\x15)\xb8\xab:U>-%\x98s3o\xca\xa9\xfe\xaf\x84\xe1\x17!O\xf5v\x87\xc7r\xa1\x03\xbd{', b'$2b$12$cmeG2HYC6/5ILv2wroKD/e' 记录成功
2022-01-02 14:15:42,000 DAO_email_user.py login_user [line:71] INFO 系统查询email_user表的用户124, 输入密码为125, 注册密码为b'$2b$12$OyC.QzcMXoQ8piyzxK.6m./OPnnWjKWrcYueHLLkEWY5avs3ZUQ1S'，一致允许登陆
2022-01-02 14:23:45,715 DAO_email_user.py delete_user [line:95] INFO 系统删除email_user表的用户124失败
2022-01-02 14:24:12,984 DAO_email_user.py delete_user [line:95] INFO 系统删除email_user表的用户124失败
2022-01-02 14:24:24,434 DAO_base.py execute [line:70] ERROR not enough arguments for format string
2022-01-02 14:24:24,434 DAO_email_user.py register_user [line:48] INFO email_user表 插入124, b'$2b$12$NXMino.DTm0aQuN.5LnScO41YBtg9shZacnmtKbSiDJoF66oXDA.S', b'\xa2>b\x88K\xe8_h]\xea\xcc\xe9\x00\xbd\x98\x8dp\xc4Bq\x06\x13S\xba=\xea\x1b&x\xc4\x1c\xf9Y\xbfx\rk\x8a\xb4 \x88{\x08/$\xc7\xdc\xe2\xa7,\xbc?L\xc2I\xca\xc0Q\xd4v\xd6\xdbiw', b'$2b$12$NXMino.DTm0aQuN.5LnScO' 记录失败
2022-01-02 14:24:24,435 DAO_email_user.py delete_user [line:95] INFO 系统删除email_user表的用户124失败
2022-01-02 14:25:19,682 DAO_base.py execute [line:70] ERROR not enough arguments for format string
2022-01-02 14:25:19,683 DAO_email_user.py register_user [line:48] INFO email_user表 插入124, b'$2b$12$PWWDvUzaU3ENW2Hwzh0XcOm1Rp78aarGgZ9tjY3H2S2VyrURTcJY2', b'\xf4\x8f\x83\x81\x96\xc47\xc8\xfcnW\x96^\x15Ks\xbd\x10\xd2\xa3$\xa2\xfc\xca\xb9\xfb\xb3\xfa\x84Et\xa5\xcbG0^]\x8b\xda\xb0\xfaBY\x1f\xb8\xe6\x88\x9d\xbf\xb8\x03\x90\x93\x8b\xd5/\x8722\xe0\x00\xba\x04\xb8', b'$2b$12$PWWDvUzaU3ENW2Hwzh0XcO' 记录失败
2022-01-02 14:25:39,031 DAO_base.py execute [line:70] ERROR not enough arguments for format string
2022-01-02 14:25:39,031 DAO_email_user.py register_user [line:48] INFO email_user表 插入124, b'$2b$12$uYMD16Gu5F.L8Kr/CxlhI.ewf.OMulSrFaUN2WYPmZrGbIga5GM6K', b",\x0b7'\xd1\xf1{\xb2D{\xc6\x0cJC\x06q\xc5/\xc2Q\xe3?%\x96\xab(\x7f\x9c8m\xafmK\x9b\x86\x9e\x91\xaf\xe8\xe8Eh$0+\xfa\x14.8\xc1\x85Q\x8a*\xf6\xfd`^Yd\xce\xaf\xfa\xf2", b'$2b$12$uYMD16Gu5F.L8Kr/CxlhI.' 记录失败
2022-01-02 14:27:46,226 DAO_base.py execute [line:71] ERROR not enough arguments for format string
2022-01-02 14:27:46,226 DAO_email_user.py register_user [line:48] INFO email_user表 插入124, b'$2b$12$vj.PVlST4OAjRn7ZoqLMbOo1CPxt/LuPGJdlUoZI8UvHmaKqru4/i', b'\xdf~\xc5\x9d\x85\xdd\xd0T\xa1j\x0eb\xa8\x9d{?\xd0\x17\n\xcc\xd9;\xdb\xa3_\x83\xe8\xcbK\x0c\x96*\x9d\x1d\xf1Nl\x0f\xe7\xd6\x85\x013\xdc\xd0\xfb\xc5\xa3G@\xde\xee7nU\x95u)%\xb0\xaa\x97\x1f\xb4', b'$2b$12$vj.PVlST4OAjRn7ZoqLMbO' 记录失败
2022-01-02 14:28:29,863 DAO_email_user.py register_user [line:45] INFO email_user表 插入124, b'$2b$12$iVVU4u7YdRflKmoxygfv9eOugkwIVnXwJVrwDyJyK.9dHSXgBJRKe', b'\x95\xcc\x1a\xa8zGSO\xaa\x80av\xf9\x98!\x99m+sW\xfe\xaf\x99\x87\xa5\xc3\xbe\x02\xf4\x0e\x91\x97\x99 \xe4\xd6\x85\xed\xc9\xd2`\xbe\x11\x98\xea\xf1[\xa6\xb6*\x99W\xde\xa5\xb2\xfc\xfcW"t\x91\xbb\xbf\xd9', b'$2b$12$iVVU4u7YdRflKmoxygfv9e' 记录成功
2022-01-02 14:28:38,943 DAO_email_user.py register_user [line:45] INFO email_user表 插入124, b'$2b$12$uT2wYTpO1H6YotMIwpy1A.0.s6LbLm8TB1Ru9fVZKZHUdbMbYB8Ci', b'\xb0\xc9R\xf5zG\xee<\xd9w\x9f\xfbo\xee\xed\xcd\xa7\x03!\xeel\xeb\x80\xd3\xf9sq\xee\x8e\xbfZ\xaac\x89\x14\xe9\xe1\x03s\x87\xe90\x93A\x94<% <\x9b\xab\xaf\x8d[\xa8_\xdfth\xca?8\xcfi', b'$2b$12$uT2wYTpO1H6YotMIwpy1A.' 记录成功
2022-01-02 14:28:38,950 DAO_email_user.py delete_user [line:95] INFO 系统删除email_user表的用户124失败
2022-01-02 14:28:53,457 DAO_email_user.py register_user [line:45] INFO email_user表 插入124, b'$2b$12$1zjNN534Rc.WV54DnaMAi.3lSVva3P0yh2aFH.vPa7QT2eDrmnjRK', b'\xd4\x88\x05X\x84\xcb\xeaV\xa9\xb1N\xcfk\xe3,x\x96&B\xa5\xc2P4\xad\xdb\xaa\xb0\x91\xc2\x8f\r\xf6\x99\xf4dLE\xa9j67\xe8\x97\x83\r\x94\xc7o\xc0e\xf4-&\xf9\xf3\xe9\x019C\xfch\xca\xcb\xd2', b'$2b$12$1zjNN534Rc.WV54DnaMAi.' 记录成功
2022-01-02 14:28:53,460 DAO_email_user.py delete_user [line:95] INFO 系统删除email_user表的用户124失败
2022-01-02 14:29:44,852 DAO_email_user.py register_user [line:45] INFO email_user表 插入124, b'$2b$12$CYyB94phLlfGTxCzd2dbI.SU6b8QQ9PaLXDWNoi.GqFeJLWh1RZjK', b'\xb9\x98\xf6\xfd\xd1\x8e\xa8|\xaa\xbfNx9\xa5\xc5H\xef\x18\x1d"\x8b7\xeb\x02\x8f#q\xeb\x0b\xdb=#\x8a\x8f\xf4\x9e\x11\xe2xf\xc5\x01\x88F|{\xd8y\x83\x9a\xd6\x89\xca\x18\xc2u\x1dk0\x8e\xc6Q\xad\xde', b'$2b$12$CYyB94phLlfGTxCzd2dbI.' 记录成功
2022-01-02 14:29:44,856 DAO_email_user.py delete_user [line:92] INFO 系统删除email_user表的用户124成功
2022-01-04 02:09:26,314 DAO_email_user.py login_user [line:78] INFO 系统查询email_user表的用户不存在
